
/home/runner/work/exp-phase-energy-meter-iitr/exp-phase-energy-meter-iitr/experiment/simulation/js/demo1.js
     3:5   warning  'datapoints1' is assigned a value but never used  no-unused-vars
     4:1   warning  'jsPlumb' is not defined                          no-undef
     7:9   warning  'addDisc' is assigned a value but never used      no-unused-vars
     9:17  warning  'e' is assigned a value but never used            no-unused-vars
     9:21  warning  'prepare' is not defined                          no-undef
    15:9   warning  'reset' is assigned a value but never used        no-unused-vars
    26:48  warning  'e' is defined but never used                     no-unused-vars
    26:51  warning  'ui' is defined but never used                    no-unused-vars
    28:21  warning  'jsPlumb' is not defined                          no-undef
   256:16  warning  'jsPlumb' is not defined                          no-undef
   263:13  warning  'e1' is assigned a value but never used           no-unused-vars
   264:13  warning  'e2' is assigned a value but never used           no-unused-vars
   265:13  warning  'e3' is assigned a value but never used           no-unused-vars
   266:13  warning  'e4' is assigned a value but never used           no-unused-vars
   267:13  warning  'e5' is assigned a value but never used           no-unused-vars
   268:13  warning  'e6' is assigned a value but never used           no-unused-vars
   269:13  warning  'e7' is assigned a value but never used           no-unused-vars
   270:13  warning  'e8' is assigned a value but never used           no-unused-vars
   271:13  warning  'e9' is assigned a value but never used           no-unused-vars
   272:13  warning  'e10' is assigned a value but never used          no-unused-vars
   273:13  warning  'e11' is assigned a value but never used          no-unused-vars
   274:13  warning  'e12' is assigned a value but never used          no-unused-vars
   275:13  warning  'e13' is assigned a value but never used          no-unused-vars
   276:13  warning  'e14' is assigned a value but never used          no-unused-vars
   277:13  warning  'e15' is assigned a value but never used          no-unused-vars
   278:13  warning  'e16' is assigned a value but never used          no-unused-vars
   279:13  warning  'clearBtn' is assigned a value but never used     no-unused-vars
   279:24  warning  'jsPlumb' is not defined                          no-undef
   280:13  warning  'addBtn' is assigned a value but never used       no-unused-vars
   280:22  warning  'jsPlumb' is not defined                          no-undef
   281:27  warning  'jsPlumb' is not defined                          no-undef
   284:13  warning  'jsPlumbUtil' is not defined                      no-undef
   288:13  warning  'showConnectionInfo' is not defined               no-undef
   289:13  warning  'jsPlumbUtil' is not defined                      no-undef
   292:5   warning  'jsPlumb' is not defined                          no-undef
   653:13  warning  'jsPlumb' is not defined                          no-undef
   668:32  warning  'jsPlumb' is not defined                          no-undef
   675:21  warning  'e1' is not defined                               no-undef
   676:21  warning  'e2' is not defined                               no-undef
   677:25  warning  'e3' is not defined                               no-undef
   678:25  warning  'e4' is not defined                               no-undef
   679:25  warning  'e5' is not defined                               no-undef
   680:25  warning  'e6' is not defined                               no-undef
   681:25  warning  'e7' is not defined                               no-undef
   682:25  warning  'e8' is not defined                               no-undef
   683:25  warning  'e9' is not defined                               no-undef
   684:25  warning  'e10' is not defined                              no-undef
   685:25  warning  'e11' is not defined                              no-undef
   686:25  warning  'e12' is not defined                              no-undef
   687:25  warning  'e13' is not defined                              no-undef
   688:25  warning  'e14' is not defined                              no-undef
   689:25  warning  'e15' is not defined                              no-undef
   690:25  warning  'e16' is not defined                              no-undef
   723:5   warning  'were' is assigned a value but never used         no-unused-vars
   724:10  warning  'mcbonoff' is defined but never used              no-unused-vars
   740:13  warning  '$' is not defined                                no-undef
   762:10  warning  'addtotable' is defined but never used            no-unused-vars
   803:21  warning  'currentVal1' is already defined                  no-redeclare
   804:21  warning  'currentVal2' is already defined                  no-redeclare
   805:21  warning  'currentVal3' is already defined                  no-redeclare
   806:21  warning  'currentVal4' is already defined                  no-redeclare
   807:21  warning  'currentVal5' is already defined                  no-redeclare
   808:21  warning  'currentVal6' is already defined                  no-redeclare
   809:21  warning  'currentVal7' is already defined                  no-redeclare
   810:21  warning  'currentVal8' is already defined                  no-redeclare
   811:21  warning  'tr' is already defined                           no-redeclare
   812:21  warning  'td1' is already defined                          no-redeclare
   813:21  warning  'td2' is already defined                          no-redeclare
   814:21  warning  'td3' is already defined                          no-redeclare
   815:21  warning  'td4' is already defined                          no-redeclare
   816:21  warning  'td5' is already defined                          no-redeclare
   817:21  warning  'td6' is already defined                          no-redeclare
   818:21  warning  'td7' is already defined                          no-redeclare
   819:21  warning  'td8' is already defined                          no-redeclare
   834:21  warning  'currentVal1' is already defined                  no-redeclare
   835:21  warning  'currentVal2' is already defined                  no-redeclare
   836:21  warning  'currentVal3' is already defined                  no-redeclare
   837:21  warning  'currentVal4' is already defined                  no-redeclare
   838:21  warning  'currentVal5' is already defined                  no-redeclare
   839:21  warning  'currentVal6' is already defined                  no-redeclare
   840:21  warning  'currentVal7' is already defined                  no-redeclare
   841:21  warning  'currentVal8' is already defined                  no-redeclare
   842:21  warning  'tr' is already defined                           no-redeclare
   843:21  warning  'td1' is already defined                          no-redeclare
   844:21  warning  'td2' is already defined                          no-redeclare
   845:21  warning  'td3' is already defined                          no-redeclare
   846:21  warning  'td4' is already defined                          no-redeclare
   847:21  warning  'td5' is already defined                          no-redeclare
   848:21  warning  'td6' is already defined                          no-redeclare
   849:21  warning  'td7' is already defined                          no-redeclare
   850:21  warning  'td8' is already defined                          no-redeclare
   877:10  warning  'changeImage' is defined but never used           no-unused-vars
   888:10  warning  'metercount' is defined but never used            no-unused-vars
   919:5   warning  'strUser' is assigned a value but never used      no-unused-vars
   920:5   warning  'value' is assigned a value but never used        no-unused-vars
   927:9   warning  '$' is not defined                                no-undef
   929:13  warning  '$' is not defined                                no-undef
   956:9   warning  '$' is not defined                                no-undef
   958:13  warning  '$' is not defined                                no-undef
   983:9   warning  '$' is not defined                                no-undef
   985:13  warning  '$' is not defined                                no-undef
  1042:9   warning  'blink1' is assigned a value but never used       no-unused-vars
  1043:9   warning  'blink2' is assigned a value but never used       no-unused-vars
  1044:9   warning  'blink3' is assigned a value but never used       no-unused-vars
  1045:9   warning  'blink' is assigned a value but never used        no-unused-vars
  1056:9   warning  'blink1' is assigned a value but never used       no-unused-vars
  1057:9   warning  'blink2' is assigned a value but never used       no-unused-vars
  1058:9   warning  'blink3' is assigned a value but never used       no-unused-vars
  1060:9   warning  'blink' is assigned a value but never used        no-unused-vars
  1070:9   warning  'blink1' is assigned a value but never used       no-unused-vars
  1071:9   warning  'blink2' is assigned a value but never used       no-unused-vars
  1072:9   warning  'blink3' is assigned a value but never used       no-unused-vars
  1073:9   warning  'blink' is assigned a value but never used        no-unused-vars

/home/runner/work/exp-phase-energy-meter-iitr/exp-phase-energy-meter-iitr/experiment/simulation/js/jquery-ui.min.js
   5:4148   warning  'jQuery' is not defined                                                    no-undef
   5:4315   warning  Empty block statement                                                      no-empty
   5:5549   warning  Do not access Object.prototype method 'hasOwnProperty' from target object  no-prototype-builtins
   5:10500  warning  'jQuery' is not defined                                                    no-undef
   5:13205  warning  'jQuery' is not defined                                                    no-undef
   5:31628  warning  'jQuery' is not defined                                                    no-undef
   6:5339   warning  'jQuery' is not defined                                                    no-undef
   6:22476  warning  'jQuery' is not defined                                                    no-undef
   6:26405  warning  'jQuery' is not defined                                                    no-undef
   7:1892   warning  Unnecessary escape character: \-                                           no-useless-escape
   7:18058  warning  'jQuery' is not defined                                                    no-undef
   7:18832  warning  Unnecessary escape character: \-                                           no-useless-escape
   7:19025  warning  Unnecessary escape character: \%                                           no-useless-escape
   7:19049  warning  Unnecessary escape character: \%                                           no-useless-escape
   7:19073  warning  Unnecessary escape character: \%                                           no-useless-escape
   7:19488  warning  Unnecessary escape character: \%                                           no-useless-escape
   7:19512  warning  Unnecessary escape character: \%                                           no-useless-escape
   7:23868  warning  Empty block statement                                                      no-empty
   7:23959  warning  Empty block statement                                                      no-empty
   7:24586  warning  'jQuery' is not defined                                                    no-undef
   7:25339  warning  'jQuery' is not defined                                                    no-undef
   7:30894  warning  'jQuery' is not defined                                                    no-undef
   8:7017   warning  'jQuery' is not defined                                                    no-undef
   8:14001  warning  Unnecessary escape character: \-                                           no-useless-escape
   8:14003  warning  Unnecessary escape character: \[                                           no-useless-escape
   8:14018  warning  Unnecessary escape character: \^                                           no-useless-escape
   8:14609  warning  'jQuery' is not defined                                                    no-undef
   8:21616  warning  'jQuery' is not defined                                                    no-undef
   8:25019  warning  Unnecessary escape character: \-                                           no-useless-escape
   9:1967   warning  Empty block statement                                                      no-empty
   9:13255  warning  Empty block statement                                                      no-empty
   9:13390  warning  Unnecessary escape character: \-                                           no-useless-escape
   9:21567  warning  Unnecessary escape character: \-                                           no-useless-escape
   9:21616  warning  Unnecessary escape character: \-                                           no-useless-escape
   9:23597  warning  Unnecessary escape character: \-                                           no-useless-escape
   9:23627  warning  Unnecessary escape character: \-                                           no-useless-escape
   9:25283  warning  'jQuery' is not defined                                                    no-undef
  10:4201   warning  'jQuery' is not defined                                                    no-undef
  10:5020   warning  'jQuery' is not defined                                                    no-undef
  10:5941   warning  'jQuery' is not defined                                                    no-undef
  10:6537   warning  'jQuery' is not defined                                                    no-undef
  10:7212   warning  'jQuery' is not defined                                                    no-undef
  10:8060   warning  'jQuery' is not defined                                                    no-undef
  10:8253   warning  'jQuery' is not defined                                                    no-undef
  10:8961   warning  'jQuery' is not defined                                                    no-undef
  10:9418   warning  'jQuery' is not defined                                                    no-undef
  10:9890   warning  'jQuery' is not defined                                                    no-undef
  10:14109  warning  'jQuery' is not defined                                                    no-undef
  10:14886  warning  'jQuery' is not defined                                                    no-undef
  10:15524  warning  'jQuery' is not defined                                                    no-undef
  10:16051  warning  'jQuery' is not defined                                                    no-undef
  10:18687  warning  Unnecessary escape character: \-                                           no-useless-escape
  10:18689  warning  Unnecessary escape character: \[                                           no-useless-escape
  10:18704  warning  Unnecessary escape character: \^                                           no-useless-escape
  10:25323  warning  'jQuery' is not defined                                                    no-undef
  10:25940  warning  Unnecessary escape character: \+                                           no-useless-escape
  10:25942  warning  Unnecessary escape character: \-                                           no-useless-escape
  10:31460  warning  'jQuery' is not defined                                                    no-undef
  11:1341   warning  'jQuery' is not defined                                                    no-undef
  11:11407  warning  'jQuery' is not defined                                                    no-undef
  11:16807  warning  'Globalize' is not defined                                                 no-undef
  11:16964  warning  'Globalize' is not defined                                                 no-undef
  11:18141  warning  'jQuery' is not defined                                                    no-undef
  11:21806  warning  Unnecessary escape character: \/                                           no-useless-escape
  11:21815  warning  Unnecessary escape character: \[                                           no-useless-escape
  11:21819  warning  Unnecessary escape character: \^                                           no-useless-escape
  11:24257  warning  Expected a conditional expression and instead saw an assignment            no-cond-assign
  11:29596  warning  'jQuery' is not defined                                                    no-undef
  12:2218   warning  'jQuery' is not defined                                                    no-undef

/home/runner/work/exp-phase-energy-meter-iitr/exp-phase-energy-meter-iitr/experiment/simulation/js/jquery.min.js
  4:13     warning  Shadowing of global property 'undefined'                                   no-shadow-restricted-names
  4:6580   warning  Shadowing of global property 'undefined'                                   no-shadow-restricted-names
  4:8483   warning  Expected a conditional expression and instead saw an assignment            no-cond-assign
  4:8694   warning  Expected a conditional expression and instead saw an assignment            no-cond-assign
  4:8709   warning  Expected a conditional expression and instead saw an assignment            no-cond-assign
  4:9186   warning  Expected a conditional expression and instead saw an assignment            no-cond-assign
  4:9413   warning  Empty block statement                                                      no-empty
  4:10317  warning  Expected a conditional expression and instead saw an assignment            no-cond-assign
  4:12461  warning  Expected a conditional expression and instead saw an assignment            no-cond-assign
  4:13746  warning  Expected a conditional expression and instead saw an assignment            no-cond-assign
  4:14394  warning  Expected a conditional expression and instead saw an assignment            no-cond-assign
  4:14432  warning  Expected a conditional expression and instead saw an assignment            no-cond-assign
  4:14836  warning  Empty block statement                                                      no-empty
  4:15401  warning  Expected a conditional expression and instead saw an assignment            no-cond-assign
  4:15705  warning  Expected a conditional expression and instead saw an assignment            no-cond-assign
  4:17505  warning  Expected a conditional expression and instead saw an assignment            no-cond-assign
  4:17743  warning  Expected a conditional expression and instead saw an assignment            no-cond-assign
  4:17891  warning  Expected a conditional expression and instead saw an assignment            no-cond-assign
  4:18229  warning  Do not access Object.prototype method 'hasOwnProperty' from target object  no-prototype-builtins
  4:18910  warning  Expected a conditional expression and instead saw an assignment            no-cond-assign
  4:21229  warning  Expected a conditional expression and instead saw an assignment            no-cond-assign
  4:21322  warning  Expected a conditional expression and instead saw an assignment            no-cond-assign
  4:21382  warning  Expected a conditional expression and instead saw an assignment            no-cond-assign
  4:22604  warning  Expected a conditional expression and instead saw an assignment            no-cond-assign
  4:23196  warning  Expected a conditional expression and instead saw an assignment            no-cond-assign
  4:23310  warning  Expected a conditional expression and instead saw an assignment            no-cond-assign
  4:31646  warning  Empty block statement                                                      no-empty
  5:1652   warning  Expected a conditional expression and instead saw an assignment            no-cond-assign
  5:2070   warning  Expected a conditional expression and instead saw an assignment            no-cond-assign
  5:2426   warning  Expected a conditional expression and instead saw an assignment            no-cond-assign
  5:4531   warning  Expected a conditional expression and instead saw an assignment            no-cond-assign
  5:6323   warning  Empty block statement                                                      no-empty
  5:14798  warning  Unnecessary escape character: \[                                           no-useless-escape
  5:14800  warning  Unnecessary escape character: \.                                           no-useless-escape
  5:20175  warning  Empty block statement                                                      no-empty
  5:22453  warning  Expected a conditional expression and instead saw an assignment            no-cond-assign
  5:22580  warning  Expected a conditional expression and instead saw an assignment            no-cond-assign
  5:32186  warning  Unnecessary escape character: \/                                           no-useless-escape
  6:238    warning  Expected a conditional expression and instead saw an assignment            no-cond-assign
  6:2333   warning  Expected a conditional expression and instead saw an assignment            no-cond-assign
  6:4224   warning  Expected a conditional expression and instead saw an assignment            no-cond-assign
  6:7969   warning  Empty block statement                                                      no-empty
  6:9629   warning  Expected a conditional expression and instead saw an assignment            no-cond-assign
  6:10477  warning  Expected a conditional expression and instead saw an assignment            no-cond-assign
  6:18812  warning  'module' is not defined                                                    no-undef
  6:18837  warning  'module' is not defined                                                    no-undef
  6:18852  warning  'module' is not defined                                                    no-undef
  6:18896  warning  'define' is not defined                                                    no-undef
  6:18908  warning  'define' is not defined                                                    no-undef

/home/runner/work/exp-phase-energy-meter-iitr/exp-phase-energy-meter-iitr/experiment/simulation/js/jsplumb1.js
     68:9   warning  'root' is assigned a value but never used                                  no-unused-vars
    130:18  warning  'i' is already defined                                                     no-redeclare
    184:18  warning  'i' is already defined                                                     no-redeclare
    242:22  warning  'j' is already defined                                                     no-redeclare
    264:56  warning  't' is defined but never used                                              no-unused-vars
    279:26  warning  'j' is already defined                                                     no-redeclare
    582:9   warning  'exports' is not defined                                                   no-undef
    616:1   warning  Unnecessary semicolon                                                      no-extra-semi
    626:9   warning  'exports' is not defined                                                   no-undef
    661:9   warning  '_normal' is assigned a value but never used                               no-unused-vars
    672:9   warning  '_lineLength' is assigned a value but never used                           no-unused-vars
    706:9   warning  '_theta' is assigned a value but never used                                no-unused-vars
    725:9   warning  '_intersects' is assigned a value but never used                           no-unused-vars
    747:9   warning  '_encloses' is assigned a value but never used                             no-unused-vars
    764:9   warning  '_pointOnLine' is assigned a value but never used                          no-unused-vars
    781:9   warning  '_perpendicularLineTo' is assigned a value but never used                  no-unused-vars
    789:1   warning  Unnecessary semicolon                                                      no-extra-semi
    846:28  warning  'view' is defined but never used                                           no-unused-vars
    846:34  warning  'target' is defined but never used                                         no-unused-vars
    846:42  warning  'pageX' is defined but never used                                          no-unused-vars
    846:49  warning  'pageY' is defined but never used                                          no-unused-vars
    846:56  warning  'screenX' is defined but never used                                        no-unused-vars
    846:65  warning  'screenY' is defined but never used                                        no-unused-vars
    846:74  warning  'clientX' is defined but never used                                        no-unused-vars
    846:83  warning  'clientY' is defined but never used                                        no-unused-vars
   1040:58  warning  Do not access Object.prototype method 'hasOwnProperty' from target object  no-prototype-builtins
   1082:39  warning  Do not access Object.prototype method 'hasOwnProperty' from target object  no-prototype-builtins
   1132:9   warning  'touchstart' is assigned a value but never used                            no-unused-vars
   1132:36  warning  'touchend' is assigned a value but never used                              no-unused-vars
   1132:59  warning  'touchmove' is assigned a value but never used                             no-unused-vars
   1137:54  warning  Unnecessary escape character: \.                                           no-useless-escape
   1223:73  warning  Invalid typeof comparison value                                            valid-typeof
   1286:38  warning  Do not access Object.prototype method 'hasOwnProperty' from target object  no-prototype-builtins
   1288:51  warning  Do not access Object.prototype method 'hasOwnProperty' from target object  no-prototype-builtins
   1310:29  warning  'el' is defined but never used                                             no-unused-vars
   1310:33  warning  'event' is defined but never used                                          no-unused-vars
   1310:40  warning  'children' is defined but never used                                       no-unused-vars
   1310:50  warning  'fn' is defined but never used                                             no-unused-vars
   1457:9   warning  'exports' is not defined                                                   no-undef
   1490:1   warning  Unnecessary semicolon                                                      no-extra-semi
   1595:54  warning  Unnecessary escape character: \.                                           no-useless-escape
   1719:42  warning  'scope' is defined but never used                                          no-unused-vars
   1727:13  warning  'scroll' is assigned a value but never used                                no-unused-vars
   1875:13  warning  '_addFilter' is assigned a value but never used                            no-unused-vars
   1876:13  warning  '_removeFilter' is assigned a value but never used                         no-unused-vars
   2091:31  warning  Empty block statement                                                      no-empty
   2280:42  warning  'scope' is defined but never used                                          no-unused-vars
   2300:56  warning  'drag' is defined but never used                                           no-unused-vars
   2388:13  warning  '_getMatchingDroppables' is assigned a value but never used                no-unused-vars
   2432:18  warning  'i' is already defined                                                     no-redeclare
   2754:40  warning  'spec' is defined but never used                                           no-unused-vars
   2777:38  warning  'spec' is defined but never used                                           no-unused-vars
   2862:9   warning  'exports' is not defined                                                   no-undef
   2874:42  warning  'exports' is not defined                                                   no-undef
   2915:19  warning  Do not access Object.prototype method 'hasOwnProperty' from target object  no-prototype-builtins
   3011:26  warning  Unnecessary escape character: \.                                           no-useless-escape
   3012:40  warning  Unnecessary escape character: \[                                           no-useless-escape
   3180:36  warning  '_protoFn' is defined but never used                                       no-unused-vars
   3188:45  warning  Do not access Object.prototype method 'hasOwnProperty' from target object  no-prototype-builtins
   3188:83  warning  Do not access Object.prototype method 'hasOwnProperty' from target object  no-prototype-builtins
   3201:41  warning  Do not access Object.prototype method 'hasOwnProperty' from target object  no-prototype-builtins
   3201:79  warning  Do not access Object.prototype method 'hasOwnProperty' from target object  no-prototype-builtins
   3242:42  warning  Empty block statement                                                      no-empty
   3320:23  warning  Empty block statement                                                      no-empty
   3488:2   warning  Unnecessary semicolon                                                      no-extra-semi
   3553:1   warning  Unnecessary semicolon                                                      no-extra-semi
   3585:9   warning  'eventFilters' is assigned a value but never used                          no-unused-vars
   3604:9   warning  '_each' is assigned a value but never used                                 no-unused-vars
   4583:13  warning  '_setDraggable' is assigned a value but never used                         no-unused-vars
   4807:56  warning  'args' is defined but never used                                           no-unused-vars
   4855:60  warning  'cEl' is assigned a value but never used                                   no-unused-vars
   5481:13  warning  '_unmanage' is assigned a value but never used                             no-unused-vars
   5576:68  warning  'jsPlumbInstance' is assigned a value but never used                       no-unused-vars
   6146:39  warning  'scope' is defined but never used                                          no-unused-vars
   6751:9   warning  'exports' is not defined                                                   no-undef
   6766:1   warning  Unnecessary semicolon                                                      no-extra-semi
   6882:36  warning  'ignoreAttachedElements' is defined but never used                         no-unused-vars
   7059:1   warning  Unnecessary semicolon                                                      no-extra-semi
   7304:41  warning  'doNotRepaint' is defined but never used                                   no-unused-vars
   7309:50  warning  'doNotRepaint' is defined but never used                                   no-unused-vars
   7374:53  warning  'fireEvent' is defined but never used                                      no-unused-vars
   7374:64  warning  'originalEvent' is defined but never used                                  no-unused-vars
   7488:52  warning  Do not access Object.prototype method 'hasOwnProperty' from target object  no-prototype-builtins
   7534:39  warning  'startParams' is defined but never used                                    no-unused-vars
   8111:17  warning  'elId' is assigned a value but never used                                  no-unused-vars
   8348:1   warning  Unnecessary semicolon                                                      no-extra-semi
   8865:52  warning  Do not access Object.prototype method 'hasOwnProperty' from target object  no-prototype-builtins
   8889:52  warning  Do not access Object.prototype method 'hasOwnProperty' from target object  no-prototype-builtins
   8901:21  warning  'jsPlumb' is not defined                                                   no-undef
   8984:1   warning  Unnecessary semicolon                                                      no-extra-semi
   9709:27  warning  'Biltong' is not defined                                                   no-undef
  10061:23  warning  'jsPlumbUtil' is not defined                                               no-undef
  10293:1   warning  Unnecessary semicolon                                                      no-extra-semi
  10323:53  warning  'x' is defined but never used                                              no-unused-vars
  10323:56  warning  'y' is defined but never used                                              no-unused-vars
  10350:46  warning  'x1' is defined but never used                                             no-unused-vars
  10350:50  warning  'y1' is defined but never used                                             no-unused-vars
  10350:54  warning  'x2' is defined but never used                                             no-unused-vars
  10350:58  warning  'y2' is defined but never used                                             no-unused-vars
  10383:17  warning  '_super' is assigned a value but never used                                no-unused-vars
  10441:46  warning  '_' is defined but never used                                              no-unused-vars
  10643:17  warning  '_super' is assigned a value but never used                                no-unused-vars
  10789:17  warning  '_super' is assigned a value but never used                                no-unused-vars
  11112:13  warning  'dumpSegmentsToConsole' is assigned a value but never used                 no-unused-vars
  11168:48  warning  'anchorPoint' is defined but never used                                    no-unused-vars
  11168:61  warning  'orientation' is defined but never used                                    no-unused-vars
  11168:74  warning  'endpointStyle' is defined but never used                                  no-unused-vars
  11168:89  warning  'connectorPaintStyle' is defined but never used                            no-unused-vars
  11201:13  warning  '_super' is assigned a value but never used                                no-unused-vars
  11207:76  warning  'connectorPaintStyle' is defined but never used                            no-unused-vars
  11228:13  warning  '_super' is assigned a value but never used                                no-unused-vars
  11233:76  warning  'connectorPaintStyle' is defined but never used                            no-unused-vars
  11244:40  warning  'params' is defined but never used                                         no-unused-vars
  11322:48  warning  'orientation' is defined but never used                                    no-unused-vars
  11322:61  warning  'endpointStyle' is defined but never used                                  no-unused-vars
  11322:76  warning  'connectorPaintStyle' is defined but never used                            no-unused-vars
  11348:40  warning  'd' is defined but never used                                              no-unused-vars
  11348:43  warning  'style' is defined but never used                                          no-unused-vars
  11348:50  warning  'anchor' is defined but never used                                         no-unused-vars
  11391:13  warning  '_super' is assigned a value but never used                                no-unused-vars
  11394:48  warning  'orientation' is defined but never used                                    no-unused-vars
  11394:61  warning  'endpointStyle' is defined but never used                                  no-unused-vars
  11394:76  warning  'connectorPaintStyle' is defined but never used                            no-unused-vars
  11410:32  warning  'style' is defined but never used                                          no-unused-vars
  11410:39  warning  'anchor' is defined but never used                                         no-unused-vars
  11443:76  warning  'connectorPaintStyle' is defined but never used                            no-unused-vars
  11472:27  warning  'instance' is defined but never used                                       no-unused-vars
  11472:37  warning  'component' is defined but never used                                      no-unused-vars
  11541:43  warning  'component' is defined but never used                                      no-unused-vars
  11705:17  warning  'jsPlumb' is not defined                                                   no-undef
  11812:37  warning  'component' is defined but never used                                      no-unused-vars
  11822:29  warning  'containerExtents' is defined but never used                               no-unused-vars
  11850:37  warning  'params' is defined but never used                                         no-unused-vars
  11863:42  warning  'currentConnectionPaintStyle' is defined but never used                    no-unused-vars
  11907:13  warning  'labelWidth' is assigned a value but never used                            no-unused-vars
  11907:32  warning  'labelHeight' is assigned a value but never used                           no-unused-vars
  11907:52  warning  'labelText' is assigned a value but never used                             no-unused-vars
  11907:70  warning  'labelPadding' is assigned a value but never used                          no-unused-vars
  11997:1   warning  Unnecessary semicolon                                                      no-extra-semi
  12441:35  warning  'conn' is defined but never used                                           no-unused-vars
  12441:41  warning  'endpointIndex' is defined but never used                                  no-unused-vars
  12445:37  warning  'conn' is defined but never used                                           no-unused-vars
  12445:43  warning  'endpointIndex' is defined but never used                                  no-unused-vars
  12453:56  warning  'jsPlumb' is not defined                                                   no-undef
  12489:38  warning  '_el' is defined but never used                                            no-unused-vars
  12489:43  warning  'targetGroup' is defined but never used                                    no-unused-vars
  12539:25  warning  'jsPlumbUtil' is not defined                                               no-undef
  12883:1   warning  Unnecessary semicolon                                                      no-extra-semi
  12899:41  warning  'lastOrientation' is assigned a value but never used                       no-unused-vars
  12903:13  warning  'loopbackRadius' is assigned a value but never used                        no-unused-vars
  12904:13  warning  'isLoopbackCurrently' is assigned a value but never used                   no-unused-vars
  13248:1   warning  Unnecessary semicolon                                                      no-extra-semi
  13257:13  warning  'curviness' is assigned a value but never used                             no-unused-vars
  13259:13  warning  'proximityLimit' is assigned a value but never used                        no-unused-vars
  13262:13  warning  'isLoopbackCurrently' is assigned a value but never used                   no-unused-vars
  13401:1   warning  Unnecessary semicolon                                                      no-extra-semi
  13496:13  warning  'clockwise' is assigned a value but never used                             no-unused-vars
  13596:1   warning  Unnecessary semicolon                                                      no-extra-semi
  13603:30  warning  'params' is defined but never used                                         no-unused-vars
  13607:46  warning  '_' is defined but never used                                              no-unused-vars
  13628:1   warning  Unnecessary semicolon                                                      no-extra-semi
  14033:35  warning  'style' is defined but never used                                          no-unused-vars
  14056:35  warning  'style' is defined but never used                                          no-unused-vars
  14092:13  warning  'self' is assigned a value but never used                                  no-unused-vars
  14251:1   warning  Unnecessary semicolon                                                      no-extra-semi
  14444:39  warning  'jsPlumb' is not defined                                                   no-undef
  14473:29  warning  'jsPlumb' is not defined                                                   no-undef
  14480:38  warning  Do not access Object.prototype method 'hasOwnProperty' from target object  no-prototype-builtins
  14481:39  warning  'jsPlumb' is not defined                                                   no-undef
  14548:40  warning  Do not access Object.prototype method 'hasOwnProperty' from target object  no-prototype-builtins
  14639:22  warning  'jsPlumb' is not defined                                                   no-undef
  14644:24  warning  'jsPlumb' is not defined                                                   no-undef
  14770:26  warning  Do not access Object.prototype method 'hasOwnProperty' from target object  no-prototype-builtins
  14783:13  warning  'jsPlumb' is not defined                                                   no-undef
  14788:18  warning  'jsPlumb' is not defined                                                   no-undef
  14797:13  warning  'jsPlumb' is not defined                                                   no-undef
  14802:17  warning  'jsPlumb' is not defined                                                   no-undef
  14803:17  warning  'jsPlumb' is not defined                                                   no-undef
  14805:17  warning  'jsPlumb' is not defined                                                   no-undef
  14809:13  warning  'jsPlumb' is not defined                                                   no-undef
  14815:17  warning  'jsPlumb' is not defined                                                   no-undef
  14853:18  warning  'jsPlumb' is not defined                                                   no-undef
  14901:22  warning  'jsPlumb' is not defined                                                   no-undef
  14982:20  warning  'jsPlumb' is not defined                                                   no-undef
  14996:13  warning  'jsPlumb' is not defined                                                   no-undef
  15008:18  warning  'jsPlumb' is not defined                                                   no-undef
  15011:25  warning  'jsPlumb' is not defined                                                   no-undef
  15013:35  warning  'jsPlumb' is not defined                                                   no-undef
  15014:30  warning  'jsPlumb' is not defined                                                   no-undef
  15015:45  warning  'jsPlumb' is not defined                                                   no-undef
  15016:45  warning  'jsPlumb' is not defined                                                   no-undef
  15017:46  warning  'jsPlumb' is not defined                                                   no-undef
  15133:36  warning  'el' is defined but never used                                             no-unused-vars
  15133:40  warning  'options' is defined but never used                                        no-unused-vars
  15136:36  warning  'el' is defined but never used                                             no-unused-vars
  15136:40  warning  'options' is defined but never used                                        no-unused-vars
  15152:45  warning  'zoom' is defined but never used                                           no-unused-vars
  15192:33  warning  'spec' is defined but never used                                           no-unused-vars
  15201:31  warning  'spec' is defined but never used                                           no-unused-vars
  15210:38  warning  'posseId' is defined but never used                                        no-unused-vars
  15263:23  warning  'el' is defined but never used                                             no-unused-vars
  15263:27  warning  'event' is defined but never used                                          no-unused-vars
  15263:34  warning  'callback' is defined but never used                                       no-unused-vars
  15272:24  warning  'el' is defined but never used                                             no-unused-vars
  15272:28  warning  'event' is defined but never used                                          no-unused-vars
  15272:35  warning  'callback' is defined but never used                                       no-unused-vars

/home/runner/work/exp-phase-energy-meter-iitr/exp-phase-energy-meter-iitr/experiment/simulation/js/knockout-2.2.1.js
   5:100  warning  Unnecessary semicolon                                                      no-extra-semi
   8:3    warning  Expected a conditional expression and instead saw an assignment            no-cond-assign
   8:163  warning  'g' is already defined                                                     no-redeclare
   9:497  warning  Do not access Object.prototype method 'hasOwnProperty' from target object  no-prototype-builtins
  10:481  warning  Expected a conditional expression and instead saw an assignment            no-cond-assign
  12:245  warning  Expected a conditional expression and instead saw an assignment            no-cond-assign
  12:410  warning  Expected a conditional expression and instead saw an assignment            no-cond-assign
  14:467  warning  'c' is already defined                                                     no-redeclare
  17:108  warning  'c' is already defined                                                     no-redeclare
  19:106  warning  Do not access Object.prototype method 'hasOwnProperty' from target object  no-prototype-builtins
  24:204  warning  Empty block statement                                                      no-empty
  24:284  warning  'a.style.zoom' is assigned to itself                                       no-self-assign
  26:377  warning  'g' is already defined                                                     no-redeclare
  30:299  warning  'e' is already defined                                                     no-redeclare
  30:461  warning  Expected a conditional expression and instead saw an assignment            no-cond-assign
  35:298  warning  Expected a conditional expression and instead saw an assignment            no-cond-assign
  35:319  warning  Unnecessary escape character: \:                                           no-useless-escape
  37:419  warning  Do not access Object.prototype method 'hasOwnProperty' from target object  no-prototype-builtins
  45:470  warning  'w' is already defined                                                     no-redeclare
  48:280  warning  Unnecessary escape character: \@                                           no-useless-escape
  48:296  warning  Unnecessary escape character: \@                                           no-useless-escape
  49:200  warning  'd' is already defined                                                     no-redeclare
  49:238  warning  'f' is already defined                                                     no-redeclare
  49:262  warning  'c' is already defined                                                     no-redeclare
  49:289  warning  'f' is already defined                                                     no-redeclare
  50:344  warning  Expected a conditional expression and instead saw an assignment            no-cond-assign
  52:430  warning  Unnecessary escape character: \:                                           no-useless-escape
  52:473  warning  Unnecessary escape character: \:                                           no-useless-escape
  54:307  warning  Expected a conditional expression and instead saw an assignment            no-cond-assign
  55:15   warning  Expected a conditional expression and instead saw an assignment            no-cond-assign
  55:35   warning  Expected a conditional expression and instead saw an assignment            no-cond-assign
  55:131  warning  Expected a conditional expression and instead saw an assignment            no-cond-assign
  59:77   warning  Expected a conditional expression and instead saw an assignment            no-cond-assign
  66:126  warning  'l' is already defined                                                     no-redeclare
  72:377  warning  Unnecessary escape character: \-                                           no-useless-escape
  72:384  warning  Unnecessary escape character: \"                                           no-useless-escape
  72:388  warning  Unnecessary escape character: \"                                           no-useless-escape
  72:392  warning  Unnecessary escape character: \"                                           no-useless-escape
  72:395  warning  Unnecessary escape character: \'                                           no-useless-escape
  72:399  warning  Unnecessary escape character: \'                                           no-useless-escape
  72:403  warning  Unnecessary escape character: \'                                           no-useless-escape
  73:432  warning  'a' is already defined                                                     no-redeclare
  76:147  warning  'h' is already defined                                                     no-redeclare
  80:287  warning  'n' is already defined                                                     no-redeclare
  80:302  warning  Expected a conditional expression and instead saw an assignment            no-cond-assign
  81:135  warning  'D' is already defined                                                     no-redeclare
  81:139  warning  'k' is already defined                                                     no-redeclare
  81:161  warning  Expected a conditional expression and instead saw an assignment            no-cond-assign
  81:219  warning  Expected a conditional expression and instead saw an assignment            no-cond-assign
  82:402  warning  Empty block statement                                                      no-empty
  84:251  warning  'module' is not defined                                                    no-undef
  84:267  warning  'exports' is not defined                                                   no-undef
  84:304  warning  'define' is not defined                                                    no-undef
  84:315  warning  'define' is not defined                                                    no-undef

/home/runner/work/exp-phase-energy-meter-iitr/exp-phase-energy-meter-iitr/experiment/simulation/js/sevenSeg.js
  136:27  warning  Do not access Object.prototype method 'hasOwnProperty' from target object  no-prototype-builtins
  333:17  warning  'ko' is not defined                                                        no-undef
  334:2   warning  'ko' is not defined                                                        no-undef
  335:1   warning  Mixed spaces and tabs                                                      no-mixed-spaces-and-tabs
  335:46  warning  'allBindingsAccessor' is defined but never used                            no-unused-vars
  335:67  warning  'viewModel' is defined but never used                                      no-unused-vars
  335:78  warning  'bindingContext' is defined but never used                                 no-unused-vars
  336:1   warning  Mixed spaces and tabs                                                      no-mixed-spaces-and-tabs
  337:1   warning  Mixed spaces and tabs                                                      no-mixed-spaces-and-tabs
  337:30  warning  'ko' is not defined                                                        no-undef
  339:1   warning  Mixed spaces and tabs                                                      no-mixed-spaces-and-tabs
  341:1   warning  Mixed spaces and tabs                                                      no-mixed-spaces-and-tabs
  341:14  warning  'ko' is not defined                                                        no-undef
  342:1   warning  Mixed spaces and tabs                                                      no-mixed-spaces-and-tabs
  343:1   warning  Mixed spaces and tabs                                                      no-mixed-spaces-and-tabs
  344:1   warning  Mixed spaces and tabs                                                      no-mixed-spaces-and-tabs
  345:1   warning  Mixed spaces and tabs                                                      no-mixed-spaces-and-tabs
  346:1   warning  Mixed spaces and tabs                                                      no-mixed-spaces-and-tabs
  348:1   warning  Mixed spaces and tabs                                                      no-mixed-spaces-and-tabs
  348:48  warning  'allBindingsAccessor' is defined but never used                            no-unused-vars
  348:69  warning  'viewModel' is defined but never used                                      no-unused-vars
  348:80  warning  'bindingContext' is defined but never used                                 no-unused-vars
  349:24  warning  'ko' is not defined                                                        no-undef
  354:10  warning  'jQuery' is not defined                                                    no-undef

 515 problems (0 errors, 515 warnings)
  0 errors and 18 warnings potentially fixable with the `--fix` option.

